76,90 76,89 76,88 76,87 76,86 76,85 76,84 76,83 76,82 76,81 76,80 77,79 78,78 79,77 80,76 81,75 82,74 83,73 84,72 85,71 
47,12 48,13 
36,6 35,7 35,8 35,9 34,10 33,11 32,12 31,13 30,14 30,15 30,16 30,17 30,18 31,19 32,20 33,21 34,22 35,23 36,24 37,25 38,26 39,27 40,28 41,28 42,27 42,26 43,25 
27,7 26,6 25,5 24,6 23,7 22,8 21,9 20,10 19,11 18,12 17,13 16,14 15,15 14,16 13,17 12,18 11,19 11,20 10,21 9,21 8,21 7,21 6,22 5,23 4,24 3,25 2,26 1,26 0,27 0,28 0,29 0,30 
48,57 48,56 48,55 48,54 48,53 48,52 47,51 46,50 46,49 47,48 48,47 49,46 
91,39 91,38 92,37 92,36 93,35 94,34 95,33 96,32 97,31 98,30 99,29 99,28 99,27 99,26 99,25 99,24 99,23 99,22 99,21 99,20 99,19 99,18 99,17 99,16 99,15 99,14 99,13 98,12 97,11 96,10 95,9 
12,28 12,29 12,30 12,31 12,32 12,33 12,34 12,35 12,36 12,37 13,38 14,39 14,40 14,41 14,42 14,43 14,44 13,45 12,46 11,47 10,48 10,49 10,50 
91,18 90,17 89,16 88,16 87,16 86,16 85,16 84,16 83,16 82,17 81,18 80,19 79,20 78,21 77,22 76,23 75,24 74,25 73,26 72,26 71,26 70,26 69,26 68,26 67,26 66,26 65,27 64,28 63,29 62,30 61,31 
52,97 52,96 52,95 52,94 52,93 52,92 52,91 53,90 53,89 53,88 53,87 53,86 54,85 55,84 56,83 57,82 58,81 59,81 60,81 61,81 62,81 63,80 64,79 65,78 66,77 67,76 67,75 67,74 67,73 67,72 67,71 68,70 
97,90 96,89 95,88 94,87 93,86 92,86 91,86 90,86 89,86 88,85 87,84 86,83 85,82 84,81 83,80 82,79 81,78 80,77 79,76 78,75 77,74 76,73 75,72 74,71 
22,7 21,8 20,9 19,10 18,10 17,9 
99,23 98,23 97,23 96,23 95,22 94,21 93,20 92,19 91,18 90,19 89,20 88,21 87,22 86,23 85,24 
27,18 27,19 26,20 25,21 24,22 23,23 22,24 21,25 20,26 19,27 18,28 18,29 17,30 17,31 17,32 17,33 17,34 17,35 17,36 
97,61 96,60 95,59 94,60 93,61 92,62 91,63 90,64 89,65 88,66 87,67 86,66 85,67 84,68 83,68 82,68 81,68 80,68 79,68 78,69 77,68 76,69 75,70 
42,99 41,98 40,97 39,96 38,95 37,94 36,93 35,92 34,91 33,90 32,89 31,88 30,87 29,86 29,85 29,84 29,83 29,82 28,81 27,80 26,79 25,78 24,77 23,76 
45,52 45,51 45,50 45,49 45,48 44,47 43,47 42,47 41,46 40,45 39,44 38,43 37,42 36,41 
87,71 88,72 89,73 90,74 91,75 92,76 92,77 93,78 94,79 94,80 95,81 96,82 
36,33 36,32 35,31 35,30 35,29 35,28 34,27 34,26 34,25 35,24 35,23 35,22 35,21 35,20 34,19 33,18 32,17 31,16 30,15 30,14 30,13 30,12 30,11 30,10 30,9 30,8 30,7 30,6 30,5 31,4 32,3 
1,73 1,72 1,71 2,70 3,69 4,68 5,67 6,66 7,65 8,64 9,63 10,62 11,61 12,61 13,60 14,59 15,58 16,57 17,56 18,55 19,54 20,53 21,52 22,51 23,50 24,49 25,48 
23,56 23,57 22,56 21,55 20,54 20,53 21,52 22,51 23,50 24,49 25,48 26,47 27,46 28,45 29,44 30,43 31,42 32,41 33,40 34,39 35,38 36,37 37,36 38,35 39,35 40,34 41,33 42,32 43,32 44,32 45,32 46,32 47,33 
18,11 19,11 20,11 21,10 22,10 23,10 24,10 25,11 25,12 25,13 25,14 25,15 25,16 25,17 25,18 25,19 25,20 25,21 24,22 23,23 22,24 21,25 20,26 19,27 18,28 18,29 17,30 16,31 15,32 14,33 13,34 12,35 
76,44 75,43 74,42 73,43 72,44 71,45 70,46 69,47 68,48 68,49 68,50 67,51 66,52 65,53 64,54 63,55 62,56 61,57 60,58 59,59 58,59 57,59 56,59 55,59 54,59 53,59 52,60 52,61 51,62 50,63 49,64 48,65 
54,8 54,9 54,10 54,11 54,12 55,13 56,14 57,15 58,16 59,17 60,17 61,17 62,17 63,17 64,17 65,17 66,17 67,17 68,17 69,17 70,17 71,17 72,18 73,19 74,20 75,21 76,22 77,23 78,24 79,25 80,26 
3,11 4,11 5,11 6,11 7,11 8,12 9,12 10,12 11,13 12,13 13,13 14,13 15,13 16,13 17,13 18,12 19,11 20,11 21,10 22,10 23,10 24,10 25,11 25,12 25,13 25,14 25,15 25,16 25,17 25,18 25,19 25,20 25,21 25,22 25,23 25,24 26,25 
72,19 72,18 72,17 72,16 72,15 72,14 73,13 73,12 
6,42 6,43 6,44 6,45 6,46 7,47 8,48 9,49 10,50 11,51 12,52 13,53 14,53 15,54 16,55 17,56 18,57 
0,89 1,89 2,89 3,90 4,90 5,90 6,89 7,88 8,87 8,86 8,85 8,84 8,83 
72,57 72,56 72,55 72,54 72,53 72,52 71,51 70,50 69,49 68,48 68,47 68,46 68,45 68,44 68,43 68,42 68,41 68,40 68,39 68,38 68,37 68,36 67,35 68,34 69,33 70,32 
57,37 56,36 55,35 54,34 53,33 52,32 51,31 50,32 49,31 48,32 47,31 46,30 45,29 44,28 43,27 42,26 41,26 40,26 39,25 38,24 37,23 36,22 35,21 34,20 33,19 32,18 31,17 30,16 29,15 28,14 27,13 
61,58 61,59 61,60 61,61 61,62 61,63 61,64 61,65 61,66 61,67 61,68 60,69 59,70 58,71 57,72 56,73 55,74 54,75 54,76 54,77 54,78 54,79 54,80 54,81 54,82 54,83 54,84 54,85 55,86 
80,10 80,11 80,12 80,13 80,14 80,15 80,16 81,17 82,18 83,19 84,20 85,21 86,21 87,21 
55,42 54,41 53,42 52,43 51,44 50,45 49,46 48,47 47,48 46,49 46,50 46,51 46,52 46,53 46,54 46,55 46,56 46,57 46,58 46,59 46,60 46,61 47,62 48,63 49,64 
8,53 8,54 8,55 8,56 8,57 8,58 8,59 8,60 7,60 6,60 5,60 4,60 3,61 2,62 1,63 
19,21 20,21 21,21 22,21 23,21 24,22 25,23 
30,76 30,75 30,74 30,73 30,72 30,71 30,70 30,69 30,68 30,67 30,66 30,65 30,64 30,63 30,62 30,61 30,60 30,59 30,58 30,57 29,56 29,55 30,54 31,53 32,52 33,51 
46,11 45,10 44,9 43,8 42,7 41,7 40,7 39,7 38,7 37,7 36,7 35,6 34,5 33,4 32,5 31,6 30,7 29,8 28,9 27,10 26,11 25,12 
69,46 68,45 67,44 66,43 65,44 64,43 63,42 62,41 61,40 60,39 59,38 58,37 57,36 56,35 55,34 54,33 53,32 52,31 51,30 50,30 49,30 48,30 47,31 46,30 45,29 45,28 45,27 45,26 44,25 
63,39 64,39 65,39 66,39 67,40 68,40 69,40 70,40 71,40 72,40 73,41 74,42 75,43 76,44 77,44 78,45 79,46 79,47 79,48 80,49 80,50 80,51 80,52 80,53 80,54 81,55 82,56 83,57 84,58 85,59 86,60 87,61 
19,48 20,49 21,49 22,49 23,48 23,47 23,46 23,45 23,44 23,43 23,42 23,41 23,40 24,39 25,38 26,37 27,36 28,35 29,34 30,33 31,32 
89,21 88,20 87,21 86,22 85,21 84,20 83,19 82,18 82,17 82,16 81,15 80,14 79,13 78,12 77,11 76,10 
51,70 50,69 49,68 48,67 47,66 46,65 45,64 44,63 43,62 42,61 41,62 40,61 39,60 38,59 37,58 36,59 35,60 34,61 33,62 32,63 31,64 30,65 29,66 
34,99 35,99 36,99 37,98 37,97 37,96 37,95 37,94 36,93 35,92 34,91 33,90 32,89 31,88 30,87 29,86 29,85 29,84 29,83 29,82 29,81 28,80 27,79 26,78 25,77 24,76 24,75 24,74 
80,42 81,42 82,42 83,42 84,42 85,42 86,42 87,42 88,41 89,40 90,39 91,38 92,37 92,36 93,35 94,34 95,33 96,32 97,31 98,30 99,29 99,28 99,27 99,26 99,25 99,24 99,23 99,22 99,21 99,20 99,19 99,18 98,17 
15,64 16,64 17,64 18,64 19,63 20,63 21,62 22,61 23,60 24,59 25,58 26,57 27,56 28,55 29,54 30,53 31,52 32,51 
14,36 14,37 14,38 14,39 14,40 14,41 14,42 14,43 14,44 14,45 14,46 14,47 15,48 15,49 15,50 15,51 16,52 17,53 18,54 
70,93 70,92 71,91 72,90 73,89 74,88 75,87 76,86 77,85 78,84 79,83 80,82 81,81 82,80 83,79 84,78 85,77 86,76 87,75 87,74 87,73 88,72 89,71 90,70 91,69 92,68 93,67 
84,37 84,36 84,35 83,34 83,33 82,32 81,31 80,30 79,29 78,28 77,27 76,26 75,25 75,24 74,23 73,23 72,23 71,23 70,23 69,23 68,23 67,22 66,21 65,20 64,19 63,18 62,17 61,16 60,16 59,16 58,15 57,14 56,13 
25,3 26,4 27,4 28,5 29,6 30,7 31,8 32,9 
58,99 59,99 60,99 61,99 62,98 61,98 60,98 59,98 58,98 57,98 56,98 55,97 54,96 53,95 52,94 51,93 50,92 49,91 48,90 47,91 46,92 45,93 44,93 43,93 42,93 41,93 40,93 39,93 38,94 37,93 36,94 35,95 34,96 33,96 32,96 31,96 30,96 29,97 
71,68 70,67 69,68 68,67 67,66 66,65 65,66 64,67 63,68 62,69 61,70 60,71 59,72 58,73 
